<?xml version="1.0" encoding="UTF-8"?>
<testng-results ignored="0" total="1" passed="1" failed="0" skipped="0">
  <reporter-output>
  </reporter-output>
  <suite started-at="2022-09-12T12:33:55 IST" name="Default suite" finished-at="2022-09-12T12:33:55 IST" duration-ms="82">
    <groups>
    </groups>
    <test started-at="2022-09-12T12:33:55 IST" name="Default test" finished-at="2022-09-12T12:33:55 IST" duration-ms="82">
      <class name="demo.SampleDemoTest">
        <test-method signature="demo()[pri:0, instance:demo.SampleDemoTest@4445629]" started-at="2022-09-12T12:33:55 IST" name="demo" finished-at="2022-09-12T12:33:55 IST" duration-ms="24" status="PASS">
          <reporter-output>
          </reporter-output>
        </test-method> <!-- demo -->
      </class> <!-- demo.SampleDemoTest -->
    </test> <!-- Default test -->
  </suite> <!-- Default suite -->
</testng-results>
